#
# An unexpected error has been detected by Java Runtime Environment:
#
#  EXCEPTION_ACCESS_VIOLATION (0xc0000005) at pc=0x0000000011dbddae, pid=4384, tid=2400
#
# Java VM: Java HotSpot(TM) 64-Bit Server VM (10.0-b19 mixed mode windows-amd64)
# Problematic frame:
# C  [awt.dll+0x5ddae]
#
# If you would like to submit a bug report, please visit:
#   http://java.sun.com/webapps/bugreport/crash.jsp
# The crash happened outside the Java Virtual Machine in native code.
# See problematic frame for where to report the bug.
#

---------------  T H R E A D  ---------------

Current thread (0x0000000031b13c00):  JavaThread "AWT-EventQueue-0" [_thread_in_native, id=2400, stack(0x0000000032d40000,0x0000000032dc0000)]

siginfo: ExceptionCode=0xc0000005, reading address 0xffffffffffffffff

Registers:
EAX=0x15a59396ccb38feb, EBX=0x0000000031b13d98, ECX=0x0000000031b13d98, EDX=0x0000000031b03e50
ESP=0x0000000032dbe470, EBP=0x000000000000001b, ESI=0x0000000032dbe6b8, EDI=0x0000000031b03e50
EIP=0x0000000011dbddae, EFLAGS=0x0000000000010206

Top of Stack: (sp=0x0000000032dbe470)
0x0000000032dbe470:   0000000000000024 0000000000000000
0x0000000032dbe480:   000000002686e6b0 000000002686e6b0
0x0000000032dbe490:   0000000032dbe490 0000000011d63591
0x0000000032dbe4a0:   0000000032dbe548 0000000032dbe6c8
0x0000000032dbe4b0:   0000000011ead6c0 0000000031b13d98
0x0000000032dbe4c0:   0000000000000000 0000000000000000
0x0000000032dbe4d0:   0000000032dbe590 00000000122a3109
0x0000000032dbe4e0:   0000000000000024 0000000000000000
0x0000000032dbe4f0:   0000000000000024 0000000000000000
0x0000000032dbe500:   0000000032dbe560 0000000017fccb08
0x0000000032dbe510:   0000000017de0470 000000002686e6d0
0x0000000032dbe520:   0000000032dbe520 0000000017fcc890
0x0000000032dbe530:   0000000032dbe570 0000000000000000
0x0000000032dbe540:   00000000173283b8 0000000015763ca8
0x0000000032dbe550:   0000000000000000 0000000032dbe570
0x0000000032dbe560:   0000000032dbe5b8 00000000122a3262 

Instructions: (pc=0x0000000011dbddae)
0x0000000011dbdd9e:   11 48 8b 40 20 48 85 c0 74 08 48 8b d7 48 8b cb
0x0000000011dbddae:   ff d0 48 8b 74 24 40 48 8b 5c 24 38 48 8b c7 48 


Stack: [0x0000000032d40000,0x0000000032dc0000],  sp=0x0000000032dbe470,  free space=505k
Native frames: (J=compiled Java code, j=interpreted, Vv=VM code, C=native code)
C  [awt.dll+0x5ddae]

Java frames: (J=compiled Java code, j=interpreted, Vv=VM code)
v  ~BufferBlob::Interpreter
v  ~BufferBlob::Interpreter
v  ~BufferBlob::Interpreter
v  ~BufferBlob::Interpreter
v  ~BufferBlob::Interpreter
v  ~BufferBlob::Interpreter
v  ~BufferBlob::Interpreter
v  ~BufferBlob::Interpreter
v  ~BufferBlob::Interpreter
v  ~BufferBlob::Interpreter
v  ~BufferBlob::Interpreter
v  ~BufferBlob::Interpreter
v  ~BufferBlob::Interpreter
v  ~BufferBlob::Interpreter
v  ~BufferBlob::Interpreter
v  ~BufferBlob::Interpreter
v  ~BufferBlob::Interpreter
v  ~BufferBlob::Interpreter
v  ~BufferBlob::Interpreter
v  ~BufferBlob::Interpreter
v  ~BufferBlob::Interpreter
v  ~BufferBlob::Interpreter
v  ~BufferBlob::Interpreter
v  ~BufferBlob::Interpreter
v  ~BufferBlob::Interpreter
v  ~BufferBlob::Interpreter
J  java.awt.EventDispatchThread.pumpOneEventForFilters(I)Z
v  ~BufferBlob::Interpreter
v  ~BufferBlob::Interpreter
v  ~BufferBlob::Interpreter
v  ~BufferBlob::Interpreter
v  ~BufferBlob::Interpreter
v  ~BufferBlob::StubRoutines (1)

---------------  P R O C E S S  ---------------

Java Threads: ( => current thread )
  0x000000003340b400 JavaThread "Timer-7" daemon [_thread_blocked, id=3644, stack(0x00000000340b0000,0x0000000034130000)]
  0x000000003300e400 JavaThread "Timer-1" [_thread_blocked, id=4148, stack(0x00000000325a0000,0x0000000032620000)]
  0x0000000031985800 JavaThread "TimerQueue" daemon [_thread_blocked, id=4652, stack(0x0000000032330000,0x00000000323b0000)]
=>0x0000000031b13c00 JavaThread "AWT-EventQueue-0" [_thread_in_native, id=2400, stack(0x0000000032d40000,0x0000000032dc0000)]
  0x00000000319ed800 JavaThread "AWT-Shutdown" [_thread_blocked, id=1992, stack(0x0000000011f80000,0x0000000012000000)]
  0x00000000319ee000 JavaThread "AWT-Windows" daemon [_thread_in_native, id=4232, stack(0x00000000322a0000,0x0000000032320000)]
  0x0000000007a3e000 JavaThread "Java2D Disposer" daemon [_thread_blocked, id=2392, stack(0x0000000011f00000,0x0000000011f80000)]
  0x00000000119d4400 JavaThread "Timer-0" [_thread_blocked, id=5100, stack(0x0000000011ce0000,0x0000000011d60000)]
  0x000000001190e400 JavaThread "JMI Unnamed Thread" [_thread_in_native, id=4332, stack(0x0000000008ee0000,0x0000000009ee0000)]
  0x00000000116a9400 JavaThread "Low Memory Detector" daemon [_thread_blocked, id=3348, stack(0x0000000011800000,0x0000000011880000)]
  0x00000000116a2400 JavaThread "CompilerThread1" daemon [_thread_blocked, id=4440, stack(0x000000002f6a0000,0x00000000306a0000)]
  0x00000000116a1c00 JavaThread "CompilerThread0" daemon [_thread_blocked, id=3368, stack(0x000000002e6a0000,0x000000002f6a0000)]
  0x0000000011684800 JavaThread "Attach Listener" daemon [_thread_blocked, id=4592, stack(0x000000000ff60000,0x000000000ffe0000)]
  0x0000000011683800 JavaThread "Finalizer" daemon [_thread_blocked, id=4328, stack(0x000000000fee0000,0x000000000ff60000)]
  0x0000000011682c00 JavaThread "Reference Handler" daemon [_thread_blocked, id=3440, stack(0x0000000007b40000,0x0000000007bc0000)]
  0x0000000007948800 JavaThread "main" [_thread_in_native, id=1220, stack(0x0000000000040000,0x0000000001040000)]

Other Threads:
  0x0000000007a1fc00 VMThread [stack: 0x000000002d6a0000,0x000000002e6a0000] [id=4260]
  0x0000000007951800 WatcherThread [stack: 0x00000000306a0000,0x00000000316a0000] [id=3524]

VM state:not at safepoint (normal execution)

VM Mutex/Monitor currently owned by a thread: None

Heap
 PSYoungGen      total 31040K, used 4892K [0x00000000265a0000, 0x0000000029490000, 0x00000000296a0000)
  eden space 14656K, 32% used [0x00000000265a0000,0x0000000026a47018,0x00000000273f0000)
  from space 16384K, 0% used [0x0000000028490000,0x00000000284b0000,0x0000000029490000)
  to   space 16704K, 0% used [0x00000000273f0000,0x00000000273f0000,0x0000000028440000)
 PSOldGen        total 77760K, used 55545K [0x000000001d2a0000, 0x0000000021e90000, 0x00000000265a0000)
  object space 77760K, 71% used [0x000000001d2a0000,0x00000000208de6e0,0x0000000021e90000)
 PSPermGen       total 91072K, used 46368K [0x00000000152a0000, 0x000000001ab90000, 0x000000001d2a0000)
  object space 91072K, 50% used [0x00000000152a0000,0x0000000017fe8210,0x000000001ab90000)

Dynamic libraries:
0x0000000140000000 - 0x0000000140032000 	C:\Program Files\MATLAB\R2009a\bin\win64\matlab.exe
0x000007fc14850000 - 0x000007fc14a0e000 	C:\Windows\SYSTEM32\ntdll.dll
0x000007fc124e0000 - 0x000007fc12616000 	C:\Windows\system32\KERNEL32.DLL
0x000007fc11890000 - 0x000007fc11983000 	C:\Windows\system32\KERNELBASE.dll
0x0000000180000000 - 0x0000000180406000 	C:\Program Files\MATLAB\R2009a\bin\win64\libut.dll
0x00000000010f0000 - 0x000000000115e000 	C:\Program Files\MATLAB\R2009a\bin\win64\libmwfl.dll
0x0000000001320000 - 0x0000000001557000 	C:\Program Files\MATLAB\R2009a\bin\win64\libmwservices.dll
0x0000000001160000 - 0x00000000011e2000 	C:\Program Files\MATLAB\R2009a\bin\win64\mcr.dll
0x000000005e720000 - 0x000000005e829000 	C:\Windows\WinSxS\amd64_microsoft.vc80.crt_1fc8b3b9a1e18e3b_8.0.50727.6910_none_88dc8c812fb1ba3f\MSVCP80.dll
0x000000005e650000 - 0x000000005e719000 	C:\Windows\WinSxS\amd64_microsoft.vc80.crt_1fc8b3b9a1e18e3b_8.0.50727.6910_none_88dc8c812fb1ba3f\MSVCR80.dll
0x000007fc144b0000 - 0x000007fc144c4000 	C:\Windows\system32\imagehlp.dll
0x000007fc12620000 - 0x000007fc12627000 	C:\Windows\system32\PSAPI.DLL
0x00000000011f0000 - 0x0000000001218000 	C:\Program Files\MATLAB\R2009a\bin\win64\LIBEXPAT.dll
0x000000004a800000 - 0x000000004a923000 	C:\Program Files\MATLAB\R2009a\bin\win64\icuuc38.dll
0x000000004ab00000 - 0x000000004ab0f000 	C:\Program Files\MATLAB\R2009a\bin\win64\icuio38.dll
0x000007fc13cf0000 - 0x000007fc13e3c000 	C:\Windows\system32\USER32.dll
0x000007fc11d00000 - 0x000007fc11dde000 	C:\Windows\system32\ADVAPI32.dll
0x00000000015b0000 - 0x00000000015bf000 	C:\Program Files\MATLAB\R2009a\bin\win64\boost_date_time-vc80-mt-1_36.dll
0x00000000015c0000 - 0x00000000015d6000 	C:\Program Files\MATLAB\R2009a\bin\win64\boost_signals-vc80-mt-1_36.dll
0x00000000015e0000 - 0x00000000015e9000 	C:\Program Files\MATLAB\R2009a\bin\win64\boost_system-vc80-mt-1_36.dll
0x00000000015f0000 - 0x0000000001601000 	C:\Program Files\MATLAB\R2009a\bin\win64\boost_thread-vc80-mt-1_36.dll
0x0000000001620000 - 0x0000000001691000 	C:\Program Files\MATLAB\R2009a\bin\win64\libmx.dll
0x00000000016a0000 - 0x00000000017c5000 	C:\Program Files\MATLAB\R2009a\bin\win64\libmwmathutil.dll
0x00000000017d0000 - 0x0000000001825000 	C:\Program Files\MATLAB\R2009a\bin\win64\mpath.dll
0x0000000001830000 - 0x000000000187f000 	C:\Program Files\MATLAB\R2009a\bin\win64\mlutil.dll
0x0000000010000000 - 0x0000000010049000 	C:\Program Files\MATLAB\R2009a\bin\win64\tbb.dll
0x000007fc117e0000 - 0x000007fc11884000 	C:\Windows\WinSxS\amd64_microsoft.windows.common-controls_6595b64144ccf1df_5.82.9200.16384_none_7762d5fd3178b04e\COMCTL32.dll
0x000007fc11c50000 - 0x000007fc11cf1000 	C:\Windows\system32\comdlg32.dll
0x000007fc10120000 - 0x000007fc10135000 	C:\Windows\SYSTEM32\NETAPI32.dll
0x000007fc145b0000 - 0x000007fc14608000 	C:\Windows\system32\WS2_32.dll
0x000007fc12670000 - 0x000007fc13955000 	C:\Windows\system32\SHELL32.dll
0x0000000001890000 - 0x00000000018f2000 	C:\Program Files\MATLAB\R2009a\bin\win64\iqm.dll
0x0000000001900000 - 0x0000000001924000 	C:\Program Files\MATLAB\R2009a\bin\win64\bridge.dll
0x0000000001930000 - 0x000000000193f000 	C:\Program Files\MATLAB\R2009a\bin\win64\libmex.dll
0x0000000001940000 - 0x00000000019d0000 	C:\Program Files\MATLAB\R2009a\bin\win64\m_dispatcher.dll
0x00000000019d0000 - 0x0000000001c51000 	C:\Program Files\MATLAB\R2009a\bin\win64\mcos.dll
0x0000000001c60000 - 0x0000000001db7000 	C:\Program Files\MATLAB\R2009a\bin\win64\libmwgui.dll
0x0000000001dc0000 - 0x00000000020a5000 	C:\Program Files\MATLAB\R2009a\bin\win64\hg.dll
0x00000000020b0000 - 0x0000000002997000 	C:\Program Files\MATLAB\R2009a\bin\win64\m_interpreter.dll
0x00000000029a0000 - 0x0000000002a00000 	C:\Program Files\MATLAB\R2009a\bin\win64\jmi.dll
0x0000000002a00000 - 0x0000000002aab000 	C:\Program Files\MATLAB\R2009a\bin\win64\udd_mi.dll
0x0000000002ab0000 - 0x0000000002cf4000 	C:\Program Files\MATLAB\R2009a\bin\win64\uiw.dll
0x0000000002d00000 - 0x0000000002d18000 	C:\Program Files\MATLAB\R2009a\bin\win64\mwoles05.DLL
0x0000000002d20000 - 0x0000000002d8a000 	C:\Program Files\MATLAB\R2009a\bin\win64\comcli.dll
0x0000000002d90000 - 0x0000000002d9e000 	C:\Program Files\MATLAB\R2009a\bin\win64\mlautoregister.dll
0x000007fc13e90000 - 0x000007fc13fd0000 	C:\Windows\system32\GDI32.dll
0x000007fc11f00000 - 0x000007fc1207e000 	C:\Windows\system32\ole32.dll
0x000007fc14400000 - 0x000007fc144a5000 	C:\Windows\system32\msvcrt.dll
0x000000004ad00000 - 0x000000004ad03000 	C:\Program Files\MATLAB\R2009a\bin\win64\icudt38.dll
0x0000000002dd0000 - 0x0000000002f0a000 	C:\Program Files\MATLAB\R2009a\bin\win64\icuin38.dll
0x000007fc13e40000 - 0x000007fc13e88000 	C:\Windows\SYSTEM32\sechost.dll
0x000007fc12120000 - 0x000007fc12260000 	C:\Windows\system32\RPCRT4.dll
0x0000000002f60000 - 0x0000000002f77000 	C:\Program Files\MATLAB\R2009a\bin\win64\zlib1.dll
0x000007fc12260000 - 0x000007fc122b0000 	C:\Windows\system32\SHLWAPI.dll
0x000007fc10a20000 - 0x000007fc10a2e000 	C:\Windows\SYSTEM32\netutils.dll
0x000007fc11170000 - 0x000007fc11194000 	C:\Windows\SYSTEM32\srvcli.dll
0x000007fc100e0000 - 0x000007fc100f5000 	C:\Windows\SYSTEM32\wkscli.dll
0x000007fc14680000 - 0x000007fc14689000 	C:\Windows\system32\NSI.dll
0x000007fc13970000 - 0x000007fc13b20000 	C:\Windows\SYSTEM32\combase.dll
0x0000000002fd0000 - 0x0000000003090000 	C:\Program Files\MATLAB\R2009a\bin\win64\udd.dll
0x00000000030b0000 - 0x00000000030d5000 	C:\Program Files\MATLAB\R2009a\bin\win64\datasvcs.dll
0x0000000012000000 - 0x0000000012295000 	C:\Program Files\MATLAB\R2009a\bin\win64\xerces-c_2_7.dll
0x00000000030e0000 - 0x00000000031d1000 	C:\Program Files\MATLAB\R2009a\bin\win64\boost_regex-vc80-mt-1_36.dll
0x0000000003210000 - 0x0000000003242000 	C:\Program Files\MATLAB\R2009a\bin\win64\libmat.dll
0x0000000003250000 - 0x0000000003290000 	C:\Program Files\MATLAB\R2009a\bin\win64\libmwhardcopy.dll
0x0000000003290000 - 0x00000000032e8000 	C:\Program Files\MATLAB\R2009a\bin\win64\libuij.dll
0x00000000032f0000 - 0x00000000033e2000 	C:\Program Files\MATLAB\R2009a\bin\win64\libmwmathlinalg.dll
0x00000000033f0000 - 0x00000000034dd000 	C:\Program Files\MATLAB\R2009a\bin\win64\hgdatatypes.dll
0x000000005e4b0000 - 0x000000005e64c000 	C:\Windows\WinSxS\amd64_microsoft.vc80.mfc_1fc8b3b9a1e18e3b_8.0.50727.6195_none_8448b2bd328df189\MFC80.DLL
0x000007fc0be30000 - 0x000007fc0bead000 	C:\Windows\SYSTEM32\WINSPOOL.DRV
0x000007fc144d0000 - 0x000007fc14593000 	C:\Windows\system32\OLEAUT32.dll
0x00000000034f0000 - 0x0000000003581000 	C:\Program Files\MATLAB\R2009a\bin\win64\profiler.dll
0x0000000003590000 - 0x00000000035ba000 	C:\Program Files\MATLAB\R2009a\bin\win64\libmwmathrng.dll
0x00000000035c0000 - 0x00000000035da000 	C:\Program Files\MATLAB\R2009a\bin\win64\m_pcodeio.dll
0x00000000035e0000 - 0x000000000362d000 	C:\Program Files\MATLAB\R2009a\bin\win64\m_ir.dll
0x0000000003630000 - 0x0000000003c36000 	C:\Program Files\MATLAB\R2009a\bin\win64\m_parser.dll
0x0000000003c40000 - 0x0000000003c60000 	C:\Program Files\MATLAB\R2009a\bin\win64\m_pcodegen.dll
0x000007fbfeae0000 - 0x000007fbfec43000 	C:\Windows\SYSTEM32\dbghelp.dll
0x0000000003c90000 - 0x0000000003c9a000 	C:\Program Files\MATLAB\R2009a\bin\win64\uinone.dll
0x000000005e490000 - 0x000000005e4b0000 	C:\Windows\WinSxS\amd64_microsoft.vc80.atl_1fc8b3b9a1e18e3b_8.0.50727.6195_none_8a1dd9552ed7f8d8\ATL80.DLL
0x0000000003d30000 - 0x0000000003f1e000 	C:\Program Files\MATLAB\R2009a\bin\win64\libhdf5.dll
0x0000000003f50000 - 0x00000000042fc000 	C:\Program Files\MATLAB\R2009a\bin\win64\libmwmathelem.dll
0x0000000004300000 - 0x000000000436c000 	C:\Program Files\MATLAB\R2009a\bin\win64\libmwmathcore.dll
0x0000000004370000 - 0x0000000004385000 	C:\Program Files\MATLAB\R2009a\bin\win64\libmwblas.dll
0x0000000004390000 - 0x000000000440d000 	C:\Program Files\MATLAB\R2009a\bin\win64\libmwlapack.dll
0x0000000004410000 - 0x000000000444b000 	C:\Program Files\MATLAB\R2009a\bin\win64\libmwrookfastbp.dll
0x0000000004450000 - 0x000000000449c000 	C:\Program Files\MATLAB\R2009a\bin\win64\libmwma57.dll
0x00000000044a0000 - 0x00000000044b0000 	C:\Program Files\MATLAB\R2009a\bin\win64\libmwcsparse.dll
0x00000000044b0000 - 0x000000000451e000 	C:\Program Files\MATLAB\R2009a\bin\win64\libmwumfpack.dll
0x0000000004520000 - 0x0000000004582000 	C:\Program Files\MATLAB\R2009a\bin\win64\libmwcholmod.dll
0x0000000004590000 - 0x000000000459d000 	C:\Program Files\MATLAB\R2009a\bin\win64\libmwamd.dll
0x0000000004600000 - 0x0000000004614000 	C:\Program Files\MATLAB\R2009a\bin\win64\ir_xfmr.dll
0x0000000004620000 - 0x000000000462c000 	C:\Program Files\MATLAB\R2009a\bin\win64\mtok.dll
0x000007fc0f240000 - 0x000007fc0f2d6000 	C:\Windows\SYSTEM32\SHCORE.DLL
0x0000000004690000 - 0x00000000046a1000 	C:\Program Files\MATLAB\R2009a\bin\win64\libmwbinder.dll
0x00000000046e0000 - 0x00000000047fc000 	C:\Program Files\MATLAB\R2009a\bin\win64\libifcoremd.dll
0x0000000004800000 - 0x0000000004ad0000 	C:\Program Files\MATLAB\R2009a\bin\win64\libmmd.dll
0x0000000004b00000 - 0x0000000004b0c000 	C:\Program Files\MATLAB\R2009a\bin\win64\libmwcolamd.dll
0x000007fc12630000 - 0x000007fc12669000 	C:\Windows\system32\IMM32.DLL
0x000007fc11de0000 - 0x000007fc11ef4000 	C:\Windows\system32\MSCTF.dll
0x000000005e480000 - 0x000000005e48d000 	C:\Windows\WinSxS\amd64_microsoft.vc80.mfcloc_1fc8b3b9a1e18e3b_8.0.50727.6195_none_bc20f59b0bdd1acd\MFC80ENU.DLL
0x000007fc105b0000 - 0x000007fc10696000 	C:\Windows\system32\uxtheme.dll
0x000007fc11710000 - 0x000007fc11725000 	C:\Windows\SYSTEM32\profapi.dll
0x000007fc0d620000 - 0x000007fc0d64c000 	C:\Windows\SYSTEM32\iphlpapi.dll
0x000007fc0d600000 - 0x000007fc0d60a000 	C:\Windows\SYSTEM32\WINNSI.DLL
0x000007fc10da0000 - 0x000007fc10e38000 	C:\Windows\SYSTEM32\DNSAPI.dll
0x000007fc0ced0000 - 0x000007fc0cee3000 	C:\Windows\SYSTEM32\dhcpcsvc6.DLL
0x000007fc0d170000 - 0x000007fc0d188000 	C:\Windows\SYSTEM32\dhcpcsvc.DLL
0x000007fc0e4e0000 - 0x000007fc0e4e3000 	C:\Windows\SYSTEM32\icmp.Dll
0x000007fc11550000 - 0x000007fc1155a000 	C:\Windows\SYSTEM32\CRYPTBASE.dll
0x000007fc114f0000 - 0x000007fc1154c000 	C:\Windows\SYSTEM32\bcryptPrimitives.dll
0x0000000011050000 - 0x00000000115fa000 	C:\Program Files\MATLAB\R2009a\sys\java\jre\win64\jre\bin\server\jvm.dll
0x000007fc0eb80000 - 0x000007fc0eba0000 	C:\Windows\SYSTEM32\WINMM.dll
0x000007fc0eb40000 - 0x000007fc0eb72000 	C:\Windows\SYSTEM32\WINMMBASE.dll
0x0000000004d20000 - 0x0000000004d2a000 	C:\Program Files\MATLAB\R2009a\sys\java\jre\win64\jre\bin\hpi.dll
0x0000000006570000 - 0x000000000657e000 	C:\Program Files\MATLAB\R2009a\sys\java\jre\win64\jre\bin\verify.dll
0x0000000006580000 - 0x00000000065a7000 	C:\Program Files\MATLAB\R2009a\sys\java\jre\win64\jre\bin\java.dll
0x00000000065b0000 - 0x00000000065c2000 	C:\Program Files\MATLAB\R2009a\sys\java\jre\win64\jre\bin\zip.dll
0x0000000011c80000 - 0x0000000011ca1000 	C:\Program Files\MATLAB\R2009a\bin\win64\nativejava.dll
0x0000000011cb0000 - 0x0000000011cd8000 	C:\Program Files\MATLAB\R2009a\bin\win64\nativejmi.dll
0x0000000007bc0000 - 0x0000000007bc7000 	C:\Program Files\MATLAB\R2009a\bin\win64\nativeservices.dll
0x0000000011d60000 - 0x0000000011eff000 	C:\Program Files\MATLAB\R2009a\sys\java\jre\win64\jre\bin\awt.dll
0x000007fc0c380000 - 0x000007fc0c41f000 	C:\Windows\system32\apphelp.dll
0x000007fc0f050000 - 0x000007fc0f071000 	C:\Windows\SYSTEM32\dwmapi.dll
0x0000000032730000 - 0x000000003279a000 	C:\Program Files\MATLAB\R2009a\sys\java\jre\win64\jre\bin\fontmanager.dll
0x0000000032d10000 - 0x0000000032d27000 	C:\Program Files\MATLAB\R2009a\sys\java\jre\win64\jre\bin\net.dll
0x000007fc10f60000 - 0x000007fc10fbc000 	C:\Windows\system32\mswsock.dll
0x0000000032d30000 - 0x0000000032d3b000 	C:\Program Files\MATLAB\R2009a\sys\java\jre\win64\jre\bin\nio.dll

VM Arguments:
jvm_args: -Xss512k -XX:PermSize=32m -Xms64m -XX:NewRatio=3 -XX:MaxPermSize=128m -Xmx196m -XX:MaxDirectMemorySize=2147400000 -Dsun.java2d.noddraw=true -Dsun.awt.nopixfmt=true -Xshare:off -Xrs -Djava.library.path=C:\Program Files\MATLAB\R2009a\bin\win64 vfprintf abort 
java_command: <unknown>
Launcher Type: generic

Environment Variables:
PATH=C:\Program Files (x86)\PC Connectivity Solution\;C:\Windows\system32;C:\Windows;C:\Windows\System32\Wbem;C:\Windows\System32\WindowsPowerShell\v1.0\;C:\Program Files\MATLAB\R2009a\bin;C:\Program Files\MATLAB\R2009a\bin\win64;C:\Program Files (x86)\Windows Live\Shared
USERNAME=P.R.BHANUTEJA
OS=Windows_NT
PROCESSOR_IDENTIFIER=Intel64 Family 6 Model 42 Stepping 7, GenuineIntel



---------------  S Y S T E M  ---------------

OS: Windows NT 6.2 Build 9200 

CPU:total 4 (8 cores per cpu, 2 threads per core) family 6 model 10 stepping 7, cmov, cx8, fxsr, mmx, sse, sse2, sse3, ssse3, ht

Memory: 4k page, physical 4066656k(2741388k free), swap 4787552k(3124036k free)

vm_info: Java HotSpot(TM) 64-Bit Server VM (10.0-b19) for windows-amd64 JRE (1.6.0_04-b12), built on Dec 14 2007 00:44:23 by "java_re" with MS VC++ 8.0

time: Sat Apr 26 11:26:00 2014
elapsed time: 6830 seconds

